<?xml version="1.0" encoding="UTF-8"?>
<testng-results skipped="0" failed="0" total="2" passed="2">
  <reporter-output>
  </reporter-output>
  <suite name="Suite" duration-ms="80572" started-at="2020-04-29T11:51:11Z" finished-at="2020-04-29T11:52:31Z">
    <groups>
    </groups>
    <test name="Test" duration-ms="80572" started-at="2020-04-29T11:51:11Z" finished-at="2020-04-29T11:52:31Z">
      <class name="com.qa.tests.LoginTest">
        <test-method status="PASS" signature="beforeClass(java.lang.String, java.lang.String, java.lang.String)[pri:0, instance:com.qa.tests.LoginTest@46d56d67]" name="beforeClass" is-config="true" duration-ms="5127" started-at="2020-04-29T17:21:11Z" finished-at="2020-04-29T17:21:16Z">
          <params>
            <param index="0">
              <value>
                <![CDATA[Android]]>
              </value>
            </param>
            <param index="1">
              <value>
                <![CDATA[9.0]]>
              </value>
            </param>
            <param index="2">
              <value>
                <![CDATA[Emulator123]]>
              </value>
            </param>
          </params>
          <reporter-output>
          </reporter-output>
        </test-method> <!-- beforeClass -->
        <test-method status="PASS" signature="beforeMethod()[pri:0, instance:com.qa.tests.LoginTest@46d56d67]" name="beforeMethod" is-config="true" duration-ms="157" started-at="2020-04-29T17:21:16Z" finished-at="2020-04-29T17:21:16Z">
          <reporter-output>
          </reporter-output>
        </test-method> <!-- beforeMethod -->
        <test-method status="PASS" signature="invalidusernamepwd()[pri:0, instance:com.qa.tests.LoginTest@46d56d67]" name="invalidusernamepwd" duration-ms="44627" started-at="2020-04-29T17:21:16Z" finished-at="2020-04-29T17:22:00Z">
          <reporter-output>
          </reporter-output>
        </test-method> <!-- invalidusernamepwd -->
        <test-method status="PASS" signature="beforeMethod()[pri:0, instance:com.qa.tests.LoginTest@46d56d67]" name="beforeMethod" is-config="true" duration-ms="1" started-at="2020-04-29T17:22:00Z" finished-at="2020-04-29T17:22:00Z">
          <reporter-output>
          </reporter-output>
        </test-method> <!-- beforeMethod -->
        <test-method status="PASS" signature="successfullogin()[pri:0, instance:com.qa.tests.LoginTest@46d56d67]" name="successfullogin" duration-ms="30204" started-at="2020-04-29T17:22:00Z" finished-at="2020-04-29T17:22:31Z">
          <reporter-output>
          </reporter-output>
        </test-method> <!-- successfullogin -->
        <test-method status="PASS" signature="afterClass()[pri:0, instance:com.qa.tests.LoginTest@46d56d67]" name="afterClass" is-config="true" duration-ms="445" started-at="2020-04-29T17:22:31Z" finished-at="2020-04-29T17:22:31Z">
          <reporter-output>
          </reporter-output>
        </test-method> <!-- afterClass -->
      </class> <!-- com.qa.tests.LoginTest -->
    </test> <!-- Test -->
  </suite> <!-- Suite -->
</testng-results>
