<?xml version="1.0" encoding="UTF-8"?>
<!-- Generated by org.testng.reporters.JUnitXMLReporter -->
<testsuite hostname="DESKTOP-R187HVL" ignored="0" name="Test" tests="3" failures="3" timestamp="29 Feb 2020 06:07:35 GMT" time="138.612" errors="0">
  <testcase name="totalValidation" time="52.749" classname="practise.AppiumFramework.Ecommerce_tc_4">
    <failure type="java.lang.NoSuchMethodError" message="org.testng.Assert.assertEquals(DD)V">
      <![CDATA[java.lang.NoSuchMethodError: org.testng.Assert.assertEquals(DD)V
at practise.AppiumFramework.Ecommerce_tc_4.totalValidation(Ecommerce_tc_4.java:66)
... Removed 25 stack frames]]>
    </failure>
  </testcase> <!-- totalValidation -->
  <testcase name="apiDemoTest" time="40.91" classname="practise.AppiumFramework.ApiDemoTest">
    <failure type="java.lang.IndexOutOfBoundsException" message="Index: 1, Size: 0">
      <![CDATA[java.lang.IndexOutOfBoundsException: Index: 1, Size: 0
at java.util.ArrayList.rangeCheck(ArrayList.java:657)
at java.util.ArrayList.get(ArrayList.java:433)
at io.appium.java_client.pagefactory.ElementListInterceptor.getObject(ElementListInterceptor.java:40)
at io.appium.java_client.pagefactory.interceptors.InterceptorOfAListOfElements.intercept(InterceptorOfAListOfElements.java:49)
at $java.util.ArrayList$$EnhancerByCGLIB$$b5855c01.get(<generated>)
at practise.AppiumFramework.ApiDemoTest.apiDemoTest(ApiDemoTest.java:54)
... Removed 29 stack frames]]>
    </failure>
  </testcase> <!-- apiDemoTest -->
  <testcase name="apiDemoTest" time="39.75" classname="practise.AppiumFramework.ApiDemoTest">
    <failure type="java.lang.IndexOutOfBoundsException" message="Index: 1, Size: 0">
      <![CDATA[java.lang.IndexOutOfBoundsException: Index: 1, Size: 0
at java.util.ArrayList.rangeCheck(ArrayList.java:657)
at java.util.ArrayList.get(ArrayList.java:433)
at io.appium.java_client.pagefactory.ElementListInterceptor.getObject(ElementListInterceptor.java:40)
at io.appium.java_client.pagefactory.interceptors.InterceptorOfAListOfElements.intercept(InterceptorOfAListOfElements.java:49)
at $java.util.ArrayList$$EnhancerByCGLIB$$b5855c01.get(<generated>)
at practise.AppiumFramework.ApiDemoTest.apiDemoTest(ApiDemoTest.java:54)
... Removed 29 stack frames]]>
    </failure>
  </testcase> <!-- apiDemoTest -->
</testsuite> <!-- Test -->
