<?xml version="1.0" encoding="UTF-8"?>
<!-- Generated by org.testng.reporters.JUnitXMLReporter -->
<testsuite hostname="LTIN144842" name="Test" tests="3" failures="0" timestamp="19 May 2020 11:19:11 GMT" time="79.448" errors="0">
  <testcase name="invalidpassword" time="14.034" classname="com.qa.tests.LoginTest"/>
  <testcase name="invalidusername" time="28.731" classname="com.qa.tests.LoginTest"/>
  <testcase name="successfullogin" time="28.364" classname="com.qa.tests.LoginTest"/>
</testsuite> <!-- Test -->
