<?xml version="1.0" encoding="UTF-8"?>
<testng-results skipped="0" failed="0" total="3" passed="3">
  <reporter-output>
  </reporter-output>
  <suite name="Suite" duration-ms="79448" started-at="2020-05-19T11:17:51Z" finished-at="2020-05-19T11:19:10Z">
    <groups>
    </groups>
    <test name="Test" duration-ms="79448" started-at="2020-05-19T11:17:51Z" finished-at="2020-05-19T11:19:10Z">
      <class name="com.qa.tests.LoginTest">
        <test-method status="PASS" signature="beforeTest(java.lang.String, java.lang.String, java.lang.String)[pri:0, instance:com.qa.tests.LoginTest@694e1548]" name="beforeTest" is-config="true" duration-ms="8149" started-at="2020-05-19T16:47:51Z" finished-at="2020-05-19T16:47:59Z">
          <params>
            <param index="0">
              <value>
                <![CDATA[Android]]>
              </value>
            </param>
            <param index="1">
              <value>
                <![CDATA[9.0]]>
              </value>
            </param>
            <param index="2">
              <value>
                <![CDATA[Emulator123]]>
              </value>
            </param>
          </params>
          <reporter-output>
          </reporter-output>
        </test-method> <!-- beforeTest -->
        <test-method status="PASS" signature="beforeClass()[pri:0, instance:com.qa.tests.LoginTest@694e1548]" name="beforeClass" is-config="true" duration-ms="4" started-at="2020-05-19T16:47:59Z" finished-at="2020-05-19T16:47:59Z">
          <reporter-output>
          </reporter-output>
        </test-method> <!-- beforeClass -->
        <test-method status="PASS" signature="beforeMethod()[pri:0, instance:com.qa.tests.LoginTest@694e1548]" name="beforeMethod" is-config="true" duration-ms="148" started-at="2020-05-19T16:47:59Z" finished-at="2020-05-19T16:47:59Z">
          <reporter-output>
          </reporter-output>
        </test-method> <!-- beforeMethod -->
        <test-method status="PASS" signature="invalidpassword()[pri:0, instance:com.qa.tests.LoginTest@694e1548]" name="invalidpassword" duration-ms="14034" started-at="2020-05-19T16:47:59Z" finished-at="2020-05-19T16:48:13Z">
          <reporter-output>
          </reporter-output>
        </test-method> <!-- invalidpassword -->
        <test-method status="PASS" signature="afterMethod()[pri:0, instance:com.qa.tests.LoginTest@694e1548]" name="afterMethod" is-config="true" duration-ms="0" started-at="2020-05-19T16:48:13Z" finished-at="2020-05-19T16:48:13Z">
          <reporter-output>
          </reporter-output>
        </test-method> <!-- afterMethod -->
        <test-method status="PASS" signature="beforeMethod()[pri:0, instance:com.qa.tests.LoginTest@694e1548]" name="beforeMethod" is-config="true" duration-ms="1" started-at="2020-05-19T16:48:13Z" finished-at="2020-05-19T16:48:13Z">
          <reporter-output>
          </reporter-output>
        </test-method> <!-- beforeMethod -->
        <test-method status="PASS" signature="invalidusername()[pri:0, instance:com.qa.tests.LoginTest@694e1548]" name="invalidusername" duration-ms="28731" started-at="2020-05-19T16:48:13Z" finished-at="2020-05-19T16:48:42Z">
          <reporter-output>
          </reporter-output>
        </test-method> <!-- invalidusername -->
        <test-method status="PASS" signature="afterMethod()[pri:0, instance:com.qa.tests.LoginTest@694e1548]" name="afterMethod" is-config="true" duration-ms="0" started-at="2020-05-19T16:48:42Z" finished-at="2020-05-19T16:48:42Z">
          <reporter-output>
          </reporter-output>
        </test-method> <!-- afterMethod -->
        <test-method status="PASS" signature="beforeMethod()[pri:0, instance:com.qa.tests.LoginTest@694e1548]" name="beforeMethod" is-config="true" duration-ms="1" started-at="2020-05-19T16:48:42Z" finished-at="2020-05-19T16:48:42Z">
          <reporter-output>
          </reporter-output>
        </test-method> <!-- beforeMethod -->
        <test-method status="PASS" signature="successfullogin()[pri:0, instance:com.qa.tests.LoginTest@694e1548]" name="successfullogin" duration-ms="28364" started-at="2020-05-19T16:48:42Z" finished-at="2020-05-19T16:49:10Z">
          <reporter-output>
          </reporter-output>
        </test-method> <!-- successfullogin -->
        <test-method status="PASS" signature="afterMethod()[pri:0, instance:com.qa.tests.LoginTest@694e1548]" name="afterMethod" is-config="true" duration-ms="0" started-at="2020-05-19T16:49:10Z" finished-at="2020-05-19T16:49:10Z">
          <reporter-output>
          </reporter-output>
        </test-method> <!-- afterMethod -->
        <test-method status="PASS" signature="afterClass()[pri:0, instance:com.qa.tests.LoginTest@694e1548]" name="afterClass" is-config="true" duration-ms="0" started-at="2020-05-19T16:49:10Z" finished-at="2020-05-19T16:49:10Z">
          <reporter-output>
          </reporter-output>
        </test-method> <!-- afterClass -->
        <test-method status="PASS" signature="afterTest()[pri:0, instance:com.qa.tests.LoginTest@694e1548]" name="afterTest" is-config="true" duration-ms="0" started-at="2020-05-19T16:49:10Z" finished-at="2020-05-19T16:49:10Z">
          <reporter-output>
          </reporter-output>
        </test-method> <!-- afterTest -->
      </class> <!-- com.qa.tests.LoginTest -->
    </test> <!-- Test -->
  </suite> <!-- Suite -->
</testng-results>
